0 info it worked if it ends with ok
1 verbose cli [ '/home/felista/.nvm/versions/io.js/v3.2.0/bin/iojs',
1 verbose cli   '/home/felista/.nvm/versions/io.js/v3.2.0/bin/npm',
1 verbose cli   'i' ]
2 info using npm@2.13.3
3 info using node@v3.2.0
4 verbose readDependencies loading dependencies from /home/felista/Desktop/TheAlpha/package.json
5 error install Couldn't read dependencies
6 verbose stack Error: ENOENT: no such file or directory, open '/home/felista/Desktop/TheAlpha/package.json'
6 verbose stack     at Error (native)
7 verbose cwd /home/felista/Desktop/TheAlpha
8 error Linux 5.11.0-27-generic
9 error argv "/home/felista/.nvm/versions/io.js/v3.2.0/bin/iojs" "/home/felista/.nvm/versions/io.js/v3.2.0/bin/npm" "i"
10 error node v3.2.0
11 error npm  v2.13.3
12 error path /home/felista/Desktop/TheAlpha/package.json
13 error code ENOPACKAGEJSON
14 error errno -2
15 error syscall open
16 error package.json ENOENT: no such file or directory, open '/home/felista/Desktop/TheAlpha/package.json'
16 error package.json This is most likely not a problem with npm itself.
16 error package.json npm can't find a package.json file in your current directory.
17 verbose exit [ -2, true ]
